{"C:\\Users\\Soniya\\OneDrive\\Desktop\\Namaste React\\Namaste_React\\HungryHub\\src\\components\\Contact.js": {"path":"C:\\Users\\Soniya\\OneDrive\\Desktop\\Namaste React\\Namaste_React\\HungryHub\\src\\components\\Contact.js","statementMap":{"0":{"start":{"line":4,"column":2},"end":{"line":140,"column":4}}},"fnMap":{"0":{"name":"Contact","decl":{"start":{"line":3,"column":9},"end":{"line":3,"column":16}},"loc":{"start":{"line":3,"column":19},"end":{"line":141,"column":1}},"line":3}},"branchMap":{},"s":{"0":5},"f":{"0":5},"b":{},"_coverageSchema":"1a1c01bbd47fc00a2c39e90264f33305004495a9","hash":"2f2ea50bf4f738f74b4ec434a1ea076432bde025"}
,"C:\\Users\\Soniya\\OneDrive\\Desktop\\Namaste React\\Namaste_React\\HungryHub\\src\\components\\Header.js": {"path":"C:\\Users\\Soniya\\OneDrive\\Desktop\\Namaste React\\Namaste_React\\HungryHub\\src\\components\\Header.js","statementMap":{"0":{"start":{"line":9,"column":15},"end":{"line":60,"column":1}},"1":{"start":{"line":10,"column":32},"end":{"line":10,"column":49}},"2":{"start":{"line":11,"column":23},"end":{"line":11,"column":40}},"3":{"start":{"line":13,"column":27},"end":{"line":13,"column":50}},"4":{"start":{"line":14,"column":20},"end":{"line":14,"column":60}},"5":{"start":{"line":14,"column":43},"end":{"line":14,"column":59}},"6":{"start":{"line":15,"column":2},"end":{"line":59,"column":4}},"7":{"start":{"line":47,"column":16},"end":{"line":49,"column":40}}},"fnMap":{"0":{"name":"(anonymous_0)","decl":{"start":{"line":9,"column":15},"end":{"line":9,"column":16}},"loc":{"start":{"line":9,"column":21},"end":{"line":60,"column":1}},"line":9},"1":{"name":"(anonymous_1)","decl":{"start":{"line":14,"column":32},"end":{"line":14,"column":33}},"loc":{"start":{"line":14,"column":43},"end":{"line":14,"column":59}},"line":14},"2":{"name":"(anonymous_2)","decl":{"start":{"line":46,"column":23},"end":{"line":46,"column":24}},"loc":{"start":{"line":46,"column":29},"end":{"line":50,"column":15}},"line":46}},"branchMap":{"0":{"loc":{"start":{"line":25,"column":30},"end":{"line":25,"column":55}},"type":"cond-expr","locations":[{"start":{"line":25,"column":45},"end":{"line":25,"column":49}},{"start":{"line":25,"column":52},"end":{"line":25,"column":55}}],"line":25},"1":{"loc":{"start":{"line":47,"column":16},"end":{"line":49,"column":39}},"type":"cond-expr","locations":[{"start":{"line":48,"column":20},"end":{"line":48,"column":40}},{"start":{"line":49,"column":20},"end":{"line":49,"column":39}}],"line":47}},"s":{"0":1,"1":5,"2":5,"3":5,"4":5,"5":9,"6":5,"7":1},"f":{"0":5,"1":9,"2":1},"b":{"0":[5,0],"1":[1,0]},"_coverageSchema":"1a1c01bbd47fc00a2c39e90264f33305004495a9","hash":"7dccc30c62fa7c30fa6a09ebd58b20fb9f0ad938"}
,"C:\\Users\\Soniya\\OneDrive\\Desktop\\Namaste React\\Namaste_React\\HungryHub\\src\\components\\Sum.js": {"path":"C:\\Users\\Soniya\\OneDrive\\Desktop\\Namaste React\\Namaste_React\\HungryHub\\src\\components\\Sum.js","statementMap":{"0":{"start":{"line":1,"column":12},"end":{"line":3,"column":1}},"1":{"start":{"line":2,"column":4},"end":{"line":2,"column":17}}},"fnMap":{"0":{"name":"(anonymous_0)","decl":{"start":{"line":1,"column":12},"end":{"line":1,"column":13}},"loc":{"start":{"line":1,"column":20},"end":{"line":3,"column":1}},"line":1}},"branchMap":{},"s":{"0":1,"1":1},"f":{"0":1},"b":{},"_coverageSchema":"1a1c01bbd47fc00a2c39e90264f33305004495a9","hash":"b0d6f907d6c92b89023a6ebd9cb8c856b0dc9815"}
,"C:\\Users\\Soniya\\OneDrive\\Desktop\\Namaste React\\Namaste_React\\HungryHub\\utils\\UserContext.js": {"path":"C:\\Users\\Soniya\\OneDrive\\Desktop\\Namaste React\\Namaste_React\\HungryHub\\utils\\UserContext.js","statementMap":{"0":{"start":{"line":2,"column":20},"end":{"line":4,"column":2}}},"fnMap":{},"branchMap":{},"s":{"0":1},"f":{},"b":{},"_coverageSchema":"1a1c01bbd47fc00a2c39e90264f33305004495a9","hash":"b93395223b5c9c24641f7f8fd103f14293d4ace9"}
,"C:\\Users\\Soniya\\OneDrive\\Desktop\\Namaste React\\Namaste_React\\HungryHub\\utils\\appStore.js": {"path":"C:\\Users\\Soniya\\OneDrive\\Desktop\\Namaste React\\Namaste_React\\HungryHub\\utils\\appStore.js","statementMap":{"0":{"start":{"line":3,"column":17},"end":{"line":7,"column":2}}},"fnMap":{},"branchMap":{},"s":{"0":1},"f":{},"b":{},"_coverageSchema":"1a1c01bbd47fc00a2c39e90264f33305004495a9","hash":"f4167d4e76b8e4b581ea1adf08b58e6a7c93dcf7"}
,"C:\\Users\\Soniya\\OneDrive\\Desktop\\Namaste React\\Namaste_React\\HungryHub\\utils\\cartSlice.js": {"path":"C:\\Users\\Soniya\\OneDrive\\Desktop\\Namaste React\\Namaste_React\\HungryHub\\utils\\cartSlice.js","statementMap":{"0":{"start":{"line":2,"column":18},"end":{"line":25,"column":2}},"1":{"start":{"line":10,"column":6},"end":{"line":10,"column":39}},"2":{"start":{"line":13,"column":6},"end":{"line":13,"column":24}},"3":{"start":{"line":20,"column":6},"end":{"line":20,"column":29}},"4":{"start":{"line":27,"column":50},"end":{"line":27,"column":67}}},"fnMap":{"0":{"name":"(anonymous_0)","decl":{"start":{"line":9,"column":13},"end":{"line":9,"column":14}},"loc":{"start":{"line":9,"column":32},"end":{"line":11,"column":5}},"line":9},"1":{"name":"(anonymous_1)","decl":{"start":{"line":12,"column":16},"end":{"line":12,"column":17}},"loc":{"start":{"line":12,"column":27},"end":{"line":14,"column":5}},"line":12},"2":{"name":"(anonymous_2)","decl":{"start":{"line":17,"column":15},"end":{"line":17,"column":16}},"loc":{"start":{"line":17,"column":26},"end":{"line":23,"column":5}},"line":17}},"branchMap":{},"s":{"0":1,"1":0,"2":0,"3":0,"4":1},"f":{"0":0,"1":0,"2":0},"b":{},"_coverageSchema":"1a1c01bbd47fc00a2c39e90264f33305004495a9","hash":"992c57a08e1889d33f830dba1c37388714ec144a"}
,"C:\\Users\\Soniya\\OneDrive\\Desktop\\Namaste React\\Namaste_React\\HungryHub\\utils\\constants.js": {"path":"C:\\Users\\Soniya\\OneDrive\\Desktop\\Namaste React\\Namaste_React\\HungryHub\\utils\\constants.js","statementMap":{"0":{"start":{"line":2,"column":2},"end":{"line":2,"column":143}},"1":{"start":{"line":5,"column":2},"end":{"line":5,"column":93}},"2":{"start":{"line":8,"column":2},"end":{"line":8,"column":140}},"3":{"start":{"line":11,"column":0},"end":{"line":11,"column":123}}},"fnMap":{},"branchMap":{},"s":{"0":1,"1":1,"2":1,"3":1},"f":{},"b":{},"_coverageSchema":"1a1c01bbd47fc00a2c39e90264f33305004495a9","hash":"a7823fafa9c77abb1f28947df0c29c29853d7ee9"}
,"C:\\Users\\Soniya\\OneDrive\\Desktop\\Namaste React\\Namaste_React\\HungryHub\\utils\\useOnlineStatus.js": {"path":"C:\\Users\\Soniya\\OneDrive\\Desktop\\Namaste React\\Namaste_React\\HungryHub\\utils\\useOnlineStatus.js","statementMap":{"0":{"start":{"line":3,"column":24},"end":{"line":18,"column":1}},"1":{"start":{"line":4,"column":42},"end":{"line":4,"column":56}},"2":{"start":{"line":6,"column":2},"end":{"line":14,"column":9}},"3":{"start":{"line":7,"column":4},"end":{"line":9,"column":7}},"4":{"start":{"line":8,"column":6},"end":{"line":8,"column":29}},"5":{"start":{"line":11,"column":4},"end":{"line":13,"column":7}},"6":{"start":{"line":12,"column":6},"end":{"line":12,"column":28}},"7":{"start":{"line":17,"column":2},"end":{"line":17,"column":22}}},"fnMap":{"0":{"name":"(anonymous_0)","decl":{"start":{"line":3,"column":24},"end":{"line":3,"column":25}},"loc":{"start":{"line":3,"column":30},"end":{"line":18,"column":1}},"line":3},"1":{"name":"(anonymous_1)","decl":{"start":{"line":6,"column":12},"end":{"line":6,"column":13}},"loc":{"start":{"line":6,"column":18},"end":{"line":14,"column":3}},"line":6},"2":{"name":"(anonymous_2)","decl":{"start":{"line":7,"column":39},"end":{"line":7,"column":40}},"loc":{"start":{"line":7,"column":45},"end":{"line":9,"column":5}},"line":7},"3":{"name":"(anonymous_3)","decl":{"start":{"line":11,"column":38},"end":{"line":11,"column":39}},"loc":{"start":{"line":11,"column":44},"end":{"line":13,"column":5}},"line":11}},"branchMap":{},"s":{"0":1,"1":5,"2":5,"3":4,"4":0,"5":4,"6":0,"7":5},"f":{"0":5,"1":4,"2":0,"3":0},"b":{},"_coverageSchema":"1a1c01bbd47fc00a2c39e90264f33305004495a9","hash":"21fc312460c9cb2f532be573885b6389565083f6"}
}
