{"C:\\Users\\Soniya\\OneDrive\\Desktop\\Namaste React\\Namaste_React\\HungryHub\\src\\components\\Sum.js": {"path":"C:\\Users\\Soniya\\OneDrive\\Desktop\\Namaste React\\Namaste_React\\HungryHub\\src\\components\\Sum.js","statementMap":{"0":{"start":{"line":1,"column":12},"end":{"line":3,"column":1}},"1":{"start":{"line":2,"column":4},"end":{"line":2,"column":17}}},"fnMap":{"0":{"name":"(anonymous_0)","decl":{"start":{"line":1,"column":12},"end":{"line":1,"column":13}},"loc":{"start":{"line":1,"column":20},"end":{"line":3,"column":1}},"line":1}},"branchMap":{},"s":{"0":1,"1":1},"f":{"0":1},"b":{},"_coverageSchema":"1a1c01bbd47fc00a2c39e90264f33305004495a9","hash":"b0d6f907d6c92b89023a6ebd9cb8c856b0dc9815"}
}
